************* Module augment_yolo_dataset
src\data\augment_yolo_dataset.py:37:0: C0301: Line too long (110/100) (line-too-long)
src\data\augment_yolo_dataset.py:51:0: C0301: Line too long (118/100) (line-too-long)
src\data\augment_yolo_dataset.py:95:0: C0301: Line too long (110/100) (line-too-long)
src\data\augment_yolo_dataset.py:112:0: C0301: Line too long (104/100) (line-too-long)
src\data\augment_yolo_dataset.py:116:0: C0301: Line too long (101/100) (line-too-long)
src\data\augment_yolo_dataset.py:127:0: C0301: Line too long (111/100) (line-too-long)
src\data\augment_yolo_dataset.py:128:0: C0301: Line too long (104/100) (line-too-long)
src\data\augment_yolo_dataset.py:132:0: C0301: Line too long (112/100) (line-too-long)
src\data\augment_yolo_dataset.py:172:0: C0301: Line too long (102/100) (line-too-long)
src\data\augment_yolo_dataset.py:176:0: C0304: Final newline missing (missing-final-newline)
src\data\augment_yolo_dataset.py:1:0: C0114: Missing module docstring (missing-module-docstring)
src\data\augment_yolo_dataset.py:8:0: E0401: Unable to import 'src.utils.bbox_convert' (import-error)
src\data\augment_yolo_dataset.py:8:0: C0413: Import "from src.utils.bbox_convert import xywh_norm_to_xyxy_abs, xyxy_abs_to_xywh_norm" should be placed at the top of the module (wrong-import-position)
src\data\augment_yolo_dataset.py:9:0: E0401: Unable to import 'src.data.json_to_db' (import-error)
src\data\augment_yolo_dataset.py:9:0: C0413: Import "from src.data.json_to_db import insert_image_cache_record" should be placed at the top of the module (wrong-import-position)
src\data\augment_yolo_dataset.py:13:0: C0116: Missing function or method docstring (missing-function-docstring)
src\data\augment_yolo_dataset.py:19:0: C0116: Missing function or method docstring (missing-function-docstring)
src\data\augment_yolo_dataset.py:22:0: C0116: Missing function or method docstring (missing-function-docstring)
src\data\augment_yolo_dataset.py:26:0: C0116: Missing function or method docstring (missing-function-docstring)
src\data\augment_yolo_dataset.py:26:0: R0914: Too many local variables (18/15) (too-many-locals)
src\data\augment_yolo_dataset.py:65:0: C0116: Missing function or method docstring (missing-function-docstring)
src\data\augment_yolo_dataset.py:68:0: C0116: Missing function or method docstring (missing-function-docstring)
src\data\augment_yolo_dataset.py:68:0: R0914: Too many local variables (37/15) (too-many-locals)
src\data\augment_yolo_dataset.py:79:16: E1101: Module 'cv2' has no 'imread' member (no-member)
src\data\augment_yolo_dataset.py:100:28: E1101: Module 'cv2' has no 'flip' member (no-member)
src\data\augment_yolo_dataset.py:148:12: E1101: Module 'cv2' has no 'imwrite' member (no-member)
src\data\augment_yolo_dataset.py:68:0: R0912: Too many branches (16/12) (too-many-branches)
src\data\augment_yolo_dataset.py:68:0: R0915: Too many statements (61/50) (too-many-statements)
src\data\augment_yolo_dataset.py:102:16: W0612: Unused variable 'aug_type' (unused-variable)
src\data\augment_yolo_dataset.py:170:0: C0116: Missing function or method docstring (missing-function-docstring)

------------------------------------------------------------------
Your code has been rated at 5.97/10 (previous run: 5.89/10, +0.08)

