INFO:root:辞書を読み込みます: C:\Users\yuuji\Sanyuu2Kouku\cursor_tools\summarygenerator\src\data\dictionaries\default_records.json
INFO:root:レコードを読み込みます: C:\Users\yuuji\Sanyuu2Kouku\cursor_tools\summarygenerator\src\data\dictionaries\default_records.json
INFO:root:読み込んだChainRecord件数: 0
INFO:root:ユーザー辞書（レコード）を読み込みました: C:\Users\yuuji\Sanyuu2Kouku\cursor_tools\summarygenerator\src\data\dictionaries\default_records.json
INFO:root:辞書を読み込みます: C:\Users\yuuji\Sanyuu2Kouku\cursor_tools\summarygenerator\src\data\dictionaries\default_records.json
INFO:root:レコードを読み込みます: C:\Users\yuuji\Sanyuu2Kouku\cursor_tools\summarygenerator\src\data\dictionaries\default_records.json
INFO:root:読み込んだChainRecord件数: 0
INFO:root:ユーザー辞書（レコード）を読み込みました: C:\Users\yuuji\Sanyuu2Kouku\cursor_tools\summarygenerator\src\data\dictionaries\default_records.json
INFO:root:辞書ファイル: C:\Users\yuuji\Sanyuu2Kouku\cursor_tools\summarygenerator\src\data\dictionaries\default_records.json
INFO:root:レコードファイル: C:\Users\yuuji\Sanyuu2Kouku\cursor_tools\summarygenerator\src\data\dictionaries\default_records.json
INFO:root:レコード数: 0
INFO:root:  category 項目数: 0
INFO:root:  type 項目数: 0
INFO:root:  subtype 項目数: 0
INFO:root:  remarks 項目数: 0
INFO:root:  station 項目数: 0
INFO:root:  control 項目数: 0
INFO:root:辞書を読み込みます: C:\Users\yuuji\Sanyuu2Kouku\cursor_tools\summarygenerator\src\data\dictionaries\default_records.json
INFO:root:レコードを読み込みます: C:\Users\yuuji\Sanyuu2Kouku\cursor_tools\summarygenerator\src\data\dictionaries\default_records.json
INFO:root:読み込んだChainRecord件数: 0
INFO:root:ユーザー辞書（レコード）を読み込みました: C:\Users\yuuji\Sanyuu2Kouku\cursor_tools\summarygenerator\src\data\dictionaries\default_records.json
INFO:root:辞書を読み込みます: C:\Users\yuuji\Sanyuu2Kouku\cursor_tools\summarygenerator\src\data\dictionaries\default_records.json
INFO:root:レコードを読み込みます: C:\Users\yuuji\Sanyuu2Kouku\cursor_tools\summarygenerator\src\data\dictionaries\default_records.json
INFO:root:読み込んだChainRecord件数: 0
INFO:root:ユーザー辞書（レコード）を読み込みました: C:\Users\yuuji\Sanyuu2Kouku\cursor_tools\summarygenerator\src\data\dictionaries\default_records.json
INFO:root:辞書ファイル: C:\Users\yuuji\Sanyuu2Kouku\cursor_tools\summarygenerator\src\data\dictionaries\default_records.json
INFO:root:レコードファイル: C:\Users\yuuji\Sanyuu2Kouku\cursor_tools\summarygenerator\src\data\dictionaries\default_records.json
INFO:root:レコード数: 0
INFO:root:  category 項目数: 0
INFO:root:  type 項目数: 0
INFO:root:  subtype 項目数: 0
INFO:root:  remarks 項目数: 0
INFO:root:  station 項目数: 0
INFO:root:  control 項目数: 0
DEBUG:PIL.TiffImagePlugin:tag: Make (271) - type: string (2) Tag Location: 22 - Data Location: 146 - value: b'RICOH IMAGING COMPANY, LTD.\x00\x00\x00\x00\x00'
DEBUG:PIL.TiffImagePlugin:tag: Model (272) - type: string (2) Tag Location: 34 - Data Location: 178 - value: b'RICOH WG-70\x00\x00\x00\x00\x00\x00\x00\x00\x00\x00\x00\x00\x00'
DEBUG:PIL.TiffImagePlugin:tag: Orientation (274) - type: short (3) - value: b'\x01\x00'
DEBUG:PIL.TiffImagePlugin:tag: XResolution (282) - type: rational (5) Tag Location: 58 - Data Location: 202 - value: b'H\x00\x00\x00\x01\x00\x00\x00'
DEBUG:PIL.TiffImagePlugin:tag: YResolution (283) - type: rational (5) Tag Location: 70 - Data Location: 210 - value: b'H\x00\x00\x00\x01\x00\x00\x00'
DEBUG:PIL.TiffImagePlugin:tag: ResolutionUnit (296) - type: short (3) - value: b'\x02\x00'
DEBUG:PIL.TiffImagePlugin:tag: Software (305) - type: string (2) Tag Location: 94 - Data Location: 218 - value: b'RICOH WG-70 Ver. 1.00\x00'
DEBUG:PIL.TiffImagePlugin:tag: DateTime (306) - type: string (2) Tag Location: 106 - Data Location: 240 - value: b'2025:05:30 15:29:29\x00'
DEBUG:PIL.TiffImagePlugin:tag: YCbCrPositioning (531) - type: short (3) - value: b'\x02\x00'
DEBUG:PIL.TiffImagePlugin:tag: ExifIFD (34665) - type: long (4) - value: b'b\x02\x00\x00'
DEBUG:PIL.TiffImagePlugin:tag: unknown (50341) - type: undefined (7) Tag Location: 142 - Data Location: 260 - value: <table: 350 bytes>
DEBUG:PIL.TiffImagePlugin:tag: Make (271) - type: string (2) Tag Location: 22 - Data Location: 146 - value: b'RICOH IMAGING COMPANY, LTD.\x00\x00\x00\x00\x00'
DEBUG:PIL.TiffImagePlugin:tag: Model (272) - type: string (2) Tag Location: 34 - Data Location: 178 - value: b'RICOH WG-70\x00\x00\x00\x00\x00\x00\x00\x00\x00\x00\x00\x00\x00'
DEBUG:PIL.TiffImagePlugin:tag: Orientation (274) - type: short (3) - value: b'\x01\x00'
DEBUG:PIL.TiffImagePlugin:tag: XResolution (282) - type: rational (5) Tag Location: 58 - Data Location: 202 - value: b'H\x00\x00\x00\x01\x00\x00\x00'
DEBUG:PIL.TiffImagePlugin:tag: YResolution (283) - type: rational (5) Tag Location: 70 - Data Location: 210 - value: b'H\x00\x00\x00\x01\x00\x00\x00'
DEBUG:PIL.TiffImagePlugin:tag: ResolutionUnit (296) - type: short (3) - value: b'\x02\x00'
DEBUG:PIL.TiffImagePlugin:tag: Software (305) - type: string (2) Tag Location: 94 - Data Location: 218 - value: b'RICOH WG-70 Ver. 1.00\x00'
DEBUG:PIL.TiffImagePlugin:tag: DateTime (306) - type: string (2) Tag Location: 106 - Data Location: 240 - value: b'2025:05:30 15:29:25\x00'
DEBUG:PIL.TiffImagePlugin:tag: YCbCrPositioning (531) - type: short (3) - value: b'\x02\x00'
DEBUG:PIL.TiffImagePlugin:tag: ExifIFD (34665) - type: long (4) - value: b'b\x02\x00\x00'
DEBUG:PIL.TiffImagePlugin:tag: unknown (50341) - type: undefined (7) Tag Location: 142 - Data Location: 260 - value: <table: 350 bytes>
DEBUG:PIL.TiffImagePlugin:tag: Make (271) - type: string (2) Tag Location: 22 - Data Location: 146 - value: b'RICOH IMAGING COMPANY, LTD.\x00\x00\x00\x00\x00'
DEBUG:PIL.TiffImagePlugin:tag: Model (272) - type: string (2) Tag Location: 34 - Data Location: 178 - value: b'RICOH WG-70\x00\x00\x00\x00\x00\x00\x00\x00\x00\x00\x00\x00\x00'
DEBUG:PIL.TiffImagePlugin:tag: Orientation (274) - type: short (3) - value: b'\x01\x00'
DEBUG:PIL.TiffImagePlugin:tag: XResolution (282) - type: rational (5) Tag Location: 58 - Data Location: 202 - value: b'H\x00\x00\x00\x01\x00\x00\x00'
DEBUG:PIL.TiffImagePlugin:tag: YResolution (283) - type: rational (5) Tag Location: 70 - Data Location: 210 - value: b'H\x00\x00\x00\x01\x00\x00\x00'
DEBUG:PIL.TiffImagePlugin:tag: ResolutionUnit (296) - type: short (3) - value: b'\x02\x00'
DEBUG:PIL.TiffImagePlugin:tag: Software (305) - type: string (2) Tag Location: 94 - Data Location: 218 - value: b'RICOH WG-70 Ver. 1.00\x00'
DEBUG:PIL.TiffImagePlugin:tag: DateTime (306) - type: string (2) Tag Location: 106 - Data Location: 240 - value: b'2025:05:30 15:29:18\x00'
DEBUG:PIL.TiffImagePlugin:tag: YCbCrPositioning (531) - type: short (3) - value: b'\x02\x00'
DEBUG:PIL.TiffImagePlugin:tag: ExifIFD (34665) - type: long (4) - value: b'b\x02\x00\x00'
DEBUG:PIL.TiffImagePlugin:tag: unknown (50341) - type: undefined (7) Tag Location: 142 - Data Location: 260 - value: <table: 350 bytes>
DEBUG:PIL.TiffImagePlugin:tag: Make (271) - type: string (2) Tag Location: 22 - Data Location: 146 - value: b'RICOH IMAGING COMPANY, LTD.\x00\x00\x00\x00\x00'
DEBUG:PIL.TiffImagePlugin:tag: Model (272) - type: string (2) Tag Location: 34 - Data Location: 178 - value: b'RICOH WG-70\x00\x00\x00\x00\x00\x00\x00\x00\x00\x00\x00\x00\x00'
DEBUG:PIL.TiffImagePlugin:tag: Orientation (274) - type: short (3) - value: b'\x01\x00'
DEBUG:PIL.TiffImagePlugin:tag: XResolution (282) - type: rational (5) Tag Location: 58 - Data Location: 202 - value: b'H\x00\x00\x00\x01\x00\x00\x00'
DEBUG:PIL.TiffImagePlugin:tag: YResolution (283) - type: rational (5) Tag Location: 70 - Data Location: 210 - value: b'H\x00\x00\x00\x01\x00\x00\x00'
DEBUG:PIL.TiffImagePlugin:tag: ResolutionUnit (296) - type: short (3) - value: b'\x02\x00'
DEBUG:PIL.TiffImagePlugin:tag: Software (305) - type: string (2) Tag Location: 94 - Data Location: 218 - value: b'RICOH WG-70 Ver. 1.00\x00'
DEBUG:PIL.TiffImagePlugin:tag: DateTime (306) - type: string (2) Tag Location: 106 - Data Location: 240 - value: b'2025:05:30 14:00:20\x00'
DEBUG:PIL.TiffImagePlugin:tag: YCbCrPositioning (531) - type: short (3) - value: b'\x02\x00'
DEBUG:PIL.TiffImagePlugin:tag: ExifIFD (34665) - type: long (4) - value: b'b\x02\x00\x00'
DEBUG:PIL.TiffImagePlugin:tag: unknown (50341) - type: undefined (7) Tag Location: 142 - Data Location: 260 - value: <table: 350 bytes>
INFO:root:[通常マッチ] roles=['role_driver_tire_roller_3t', 'roller_tyres_3t'] → photo_category=[]
DEBUG:PIL.TiffImagePlugin:tag: Make (271) - type: string (2) Tag Location: 22 - Data Location: 146 - value: b'RICOH IMAGING COMPANY, LTD.\x00\x00\x00\x00\x00'
DEBUG:PIL.TiffImagePlugin:tag: Model (272) - type: string (2) Tag Location: 34 - Data Location: 178 - value: b'RICOH WG-70\x00\x00\x00\x00\x00\x00\x00\x00\x00\x00\x00\x00\x00'
DEBUG:PIL.TiffImagePlugin:tag: Orientation (274) - type: short (3) - value: b'\x01\x00'
DEBUG:PIL.TiffImagePlugin:tag: XResolution (282) - type: rational (5) Tag Location: 58 - Data Location: 202 - value: b'H\x00\x00\x00\x01\x00\x00\x00'
DEBUG:PIL.TiffImagePlugin:tag: YResolution (283) - type: rational (5) Tag Location: 70 - Data Location: 210 - value: b'H\x00\x00\x00\x01\x00\x00\x00'
DEBUG:PIL.TiffImagePlugin:tag: ResolutionUnit (296) - type: short (3) - value: b'\x02\x00'
DEBUG:PIL.TiffImagePlugin:tag: Software (305) - type: string (2) Tag Location: 94 - Data Location: 218 - value: b'RICOH WG-70 Ver. 1.00\x00'
DEBUG:PIL.TiffImagePlugin:tag: DateTime (306) - type: string (2) Tag Location: 106 - Data Location: 240 - value: b'2025:05:30 13:52:39\x00'
DEBUG:PIL.TiffImagePlugin:tag: YCbCrPositioning (531) - type: short (3) - value: b'\x02\x00'
DEBUG:PIL.TiffImagePlugin:tag: ExifIFD (34665) - type: long (4) - value: b'b\x02\x00\x00'
DEBUG:PIL.TiffImagePlugin:tag: unknown (50341) - type: undefined (7) Tag Location: 142 - Data Location: 260 - value: <table: 350 bytes>
INFO:root:[通常マッチ] roles=['roller_conbined_2.5t', 'role_driver_combined_roller'] → photo_category=[]
DEBUG:PIL.TiffImagePlugin:tag: Make (271) - type: string (2) Tag Location: 22 - Data Location: 146 - value: b'RICOH IMAGING COMPANY, LTD.\x00\x00\x00\x00\x00'
DEBUG:PIL.TiffImagePlugin:tag: Model (272) - type: string (2) Tag Location: 34 - Data Location: 178 - value: b'RICOH WG-70\x00\x00\x00\x00\x00\x00\x00\x00\x00\x00\x00\x00\x00'
DEBUG:PIL.TiffImagePlugin:tag: Orientation (274) - type: short (3) - value: b'\x01\x00'
DEBUG:PIL.TiffImagePlugin:tag: XResolution (282) - type: rational (5) Tag Location: 58 - Data Location: 202 - value: b'H\x00\x00\x00\x01\x00\x00\x00'
DEBUG:PIL.TiffImagePlugin:tag: YResolution (283) - type: rational (5) Tag Location: 70 - Data Location: 210 - value: b'H\x00\x00\x00\x01\x00\x00\x00'
DEBUG:PIL.TiffImagePlugin:tag: ResolutionUnit (296) - type: short (3) - value: b'\x02\x00'
DEBUG:PIL.TiffImagePlugin:tag: Software (305) - type: string (2) Tag Location: 94 - Data Location: 218 - value: b'RICOH WG-70 Ver. 1.00\x00'
DEBUG:PIL.TiffImagePlugin:tag: DateTime (306) - type: string (2) Tag Location: 106 - Data Location: 240 - value: b'2025:05:30 13:49:43\x00'
DEBUG:PIL.TiffImagePlugin:tag: YCbCrPositioning (531) - type: short (3) - value: b'\x02\x00'
DEBUG:PIL.TiffImagePlugin:tag: ExifIFD (34665) - type: long (4) - value: b'b\x02\x00\x00'
DEBUG:PIL.TiffImagePlugin:tag: unknown (50341) - type: undefined (7) Tag Location: 142 - Data Location: 260 - value: <table: 350 bytes>
INFO:root:[通常マッチ] roles=['role_driver_asphaltfinisher', 'role_worker_surface_level', 'role_worker_surface_level', 'role_worker_surface_level', 'role_worker_surface_level', 'asphaltfinisher'] → photo_category=[]
DEBUG:PIL.TiffImagePlugin:tag: Make (271) - type: string (2) Tag Location: 22 - Data Location: 146 - value: b'RICOH IMAGING COMPANY, LTD.\x00\x00\x00\x00\x00'
DEBUG:PIL.TiffImagePlugin:tag: Model (272) - type: string (2) Tag Location: 34 - Data Location: 178 - value: b'RICOH WG-70\x00\x00\x00\x00\x00\x00\x00\x00\x00\x00\x00\x00\x00'
DEBUG:PIL.TiffImagePlugin:tag: Orientation (274) - type: short (3) - value: b'\x01\x00'
DEBUG:PIL.TiffImagePlugin:tag: XResolution (282) - type: rational (5) Tag Location: 58 - Data Location: 202 - value: b'H\x00\x00\x00\x01\x00\x00\x00'
DEBUG:PIL.TiffImagePlugin:tag: YResolution (283) - type: rational (5) Tag Location: 70 - Data Location: 210 - value: b'H\x00\x00\x00\x01\x00\x00\x00'
DEBUG:PIL.TiffImagePlugin:tag: ResolutionUnit (296) - type: short (3) - value: b'\x02\x00'
DEBUG:PIL.TiffImagePlugin:tag: Software (305) - type: string (2) Tag Location: 94 - Data Location: 218 - value: b'RICOH WG-70 Ver. 1.00\x00'
DEBUG:PIL.TiffImagePlugin:tag: DateTime (306) - type: string (2) Tag Location: 106 - Data Location: 240 - value: b'2025:05:30 13:10:00\x00'
DEBUG:PIL.TiffImagePlugin:tag: YCbCrPositioning (531) - type: short (3) - value: b'\x02\x00'
DEBUG:PIL.TiffImagePlugin:tag: ExifIFD (34665) - type: long (4) - value: b'b\x02\x00\x00'
DEBUG:PIL.TiffImagePlugin:tag: unknown (50341) - type: undefined (7) Tag Location: 142 - Data Location: 260 - value: <table: 350 bytes>
DEBUG:PIL.TiffImagePlugin:tag: Make (271) - type: string (2) Tag Location: 22 - Data Location: 146 - value: b'RICOH IMAGING COMPANY, LTD.\x00\x00\x00\x00\x00'
DEBUG:PIL.TiffImagePlugin:tag: Model (272) - type: string (2) Tag Location: 34 - Data Location: 178 - value: b'RICOH WG-70\x00\x00\x00\x00\x00\x00\x00\x00\x00\x00\x00\x00\x00'
DEBUG:PIL.TiffImagePlugin:tag: Orientation (274) - type: short (3) - value: b'\x01\x00'
DEBUG:PIL.TiffImagePlugin:tag: XResolution (282) - type: rational (5) Tag Location: 58 - Data Location: 202 - value: b'H\x00\x00\x00\x01\x00\x00\x00'
DEBUG:PIL.TiffImagePlugin:tag: YResolution (283) - type: rational (5) Tag Location: 70 - Data Location: 210 - value: b'H\x00\x00\x00\x01\x00\x00\x00'
DEBUG:PIL.TiffImagePlugin:tag: ResolutionUnit (296) - type: short (3) - value: b'\x02\x00'
DEBUG:PIL.TiffImagePlugin:tag: Software (305) - type: string (2) Tag Location: 94 - Data Location: 218 - value: b'RICOH WG-70 Ver. 1.00\x00'
DEBUG:PIL.TiffImagePlugin:tag: DateTime (306) - type: string (2) Tag Location: 106 - Data Location: 240 - value: b'2025:05:30 13:09:56\x00'
DEBUG:PIL.TiffImagePlugin:tag: YCbCrPositioning (531) - type: short (3) - value: b'\x02\x00'
DEBUG:PIL.TiffImagePlugin:tag: ExifIFD (34665) - type: long (4) - value: b'b\x02\x00\x00'
DEBUG:PIL.TiffImagePlugin:tag: unknown (50341) - type: undefined (7) Tag Location: 142 - Data Location: 260 - value: <table: 350 bytes>
DEBUG:PIL.TiffImagePlugin:tag: Make (271) - type: string (2) Tag Location: 22 - Data Location: 146 - value: b'RICOH IMAGING COMPANY, LTD.\x00\x00\x00\x00\x00'
DEBUG:PIL.TiffImagePlugin:tag: Model (272) - type: string (2) Tag Location: 34 - Data Location: 178 - value: b'RICOH WG-70\x00\x00\x00\x00\x00\x00\x00\x00\x00\x00\x00\x00\x00'
DEBUG:PIL.TiffImagePlugin:tag: Orientation (274) - type: short (3) - value: b'\x01\x00'
DEBUG:PIL.TiffImagePlugin:tag: XResolution (282) - type: rational (5) Tag Location: 58 - Data Location: 202 - value: b'H\x00\x00\x00\x01\x00\x00\x00'
DEBUG:PIL.TiffImagePlugin:tag: YResolution (283) - type: rational (5) Tag Location: 70 - Data Location: 210 - value: b'H\x00\x00\x00\x01\x00\x00\x00'
DEBUG:PIL.TiffImagePlugin:tag: ResolutionUnit (296) - type: short (3) - value: b'\x02\x00'
DEBUG:PIL.TiffImagePlugin:tag: Software (305) - type: string (2) Tag Location: 94 - Data Location: 218 - value: b'RICOH WG-70 Ver. 1.00\x00'
DEBUG:PIL.TiffImagePlugin:tag: DateTime (306) - type: string (2) Tag Location: 106 - Data Location: 240 - value: b'2025:05:30 13:09:52\x00'
DEBUG:PIL.TiffImagePlugin:tag: YCbCrPositioning (531) - type: short (3) - value: b'\x02\x00'
DEBUG:PIL.TiffImagePlugin:tag: ExifIFD (34665) - type: long (4) - value: b'b\x02\x00\x00'
DEBUG:PIL.TiffImagePlugin:tag: unknown (50341) - type: undefined (7) Tag Location: 142 - Data Location: 260 - value: <table: 350 bytes>
DEBUG:PIL.TiffImagePlugin:tag: Make (271) - type: string (2) Tag Location: 22 - Data Location: 146 - value: b'RICOH IMAGING COMPANY, LTD.\x00\x00\x00\x00\x00'
DEBUG:PIL.TiffImagePlugin:tag: Model (272) - type: string (2) Tag Location: 34 - Data Location: 178 - value: b'RICOH WG-70\x00\x00\x00\x00\x00\x00\x00\x00\x00\x00\x00\x00\x00'
DEBUG:PIL.TiffImagePlugin:tag: Orientation (274) - type: short (3) - value: b'\x01\x00'
DEBUG:PIL.TiffImagePlugin:tag: XResolution (282) - type: rational (5) Tag Location: 58 - Data Location: 202 - value: b'H\x00\x00\x00\x01\x00\x00\x00'
DEBUG:PIL.TiffImagePlugin:tag: YResolution (283) - type: rational (5) Tag Location: 70 - Data Location: 210 - value: b'H\x00\x00\x00\x01\x00\x00\x00'
DEBUG:PIL.TiffImagePlugin:tag: ResolutionUnit (296) - type: short (3) - value: b'\x02\x00'
DEBUG:PIL.TiffImagePlugin:tag: Software (305) - type: string (2) Tag Location: 94 - Data Location: 218 - value: b'RICOH WG-70 Ver. 1.00\x00'
DEBUG:PIL.TiffImagePlugin:tag: DateTime (306) - type: string (2) Tag Location: 106 - Data Location: 240 - value: b'2025:05:30 13:08:17\x00'
DEBUG:PIL.TiffImagePlugin:tag: YCbCrPositioning (531) - type: short (3) - value: b'\x02\x00'
DEBUG:PIL.TiffImagePlugin:tag: ExifIFD (34665) - type: long (4) - value: b'b\x02\x00\x00'
DEBUG:PIL.TiffImagePlugin:tag: unknown (50341) - type: undefined (7) Tag Location: 142 - Data Location: 260 - value: <table: 350 bytes>
DEBUG:PIL.TiffImagePlugin:tag: Make (271) - type: string (2) Tag Location: 22 - Data Location: 146 - value: b'RICOH IMAGING COMPANY, LTD.\x00\x00\x00\x00\x00'
DEBUG:PIL.TiffImagePlugin:tag: Model (272) - type: string (2) Tag Location: 34 - Data Location: 178 - value: b'RICOH WG-70\x00\x00\x00\x00\x00\x00\x00\x00\x00\x00\x00\x00\x00'
DEBUG:PIL.TiffImagePlugin:tag: Orientation (274) - type: short (3) - value: b'\x01\x00'
DEBUG:PIL.TiffImagePlugin:tag: XResolution (282) - type: rational (5) Tag Location: 58 - Data Location: 202 - value: b'H\x00\x00\x00\x01\x00\x00\x00'
DEBUG:PIL.TiffImagePlugin:tag: YResolution (283) - type: rational (5) Tag Location: 70 - Data Location: 210 - value: b'H\x00\x00\x00\x01\x00\x00\x00'
DEBUG:PIL.TiffImagePlugin:tag: ResolutionUnit (296) - type: short (3) - value: b'\x02\x00'
DEBUG:PIL.TiffImagePlugin:tag: Software (305) - type: string (2) Tag Location: 94 - Data Location: 218 - value: b'RICOH WG-70 Ver. 1.00\x00'
DEBUG:PIL.TiffImagePlugin:tag: DateTime (306) - type: string (2) Tag Location: 106 - Data Location: 240 - value: b'2025:05:30 13:08:12\x00'
DEBUG:PIL.TiffImagePlugin:tag: YCbCrPositioning (531) - type: short (3) - value: b'\x02\x00'
DEBUG:PIL.TiffImagePlugin:tag: ExifIFD (34665) - type: long (4) - value: b'b\x02\x00\x00'
DEBUG:PIL.TiffImagePlugin:tag: unknown (50341) - type: undefined (7) Tag Location: 142 - Data Location: 260 - value: <table: 350 bytes>
DEBUG:PIL.TiffImagePlugin:tag: Make (271) - type: string (2) Tag Location: 22 - Data Location: 146 - value: b'RICOH IMAGING COMPANY, LTD.\x00\x00\x00\x00\x00'
DEBUG:PIL.TiffImagePlugin:tag: Model (272) - type: string (2) Tag Location: 34 - Data Location: 178 - value: b'RICOH WG-70\x00\x00\x00\x00\x00\x00\x00\x00\x00\x00\x00\x00\x00'
DEBUG:PIL.TiffImagePlugin:tag: Orientation (274) - type: short (3) - value: b'\x01\x00'
DEBUG:PIL.TiffImagePlugin:tag: XResolution (282) - type: rational (5) Tag Location: 58 - Data Location: 202 - value: b'H\x00\x00\x00\x01\x00\x00\x00'
DEBUG:PIL.TiffImagePlugin:tag: YResolution (283) - type: rational (5) Tag Location: 70 - Data Location: 210 - value: b'H\x00\x00\x00\x01\x00\x00\x00'
DEBUG:PIL.TiffImagePlugin:tag: ResolutionUnit (296) - type: short (3) - value: b'\x02\x00'
DEBUG:PIL.TiffImagePlugin:tag: Software (305) - type: string (2) Tag Location: 94 - Data Location: 218 - value: b'RICOH WG-70 Ver. 1.00\x00'
DEBUG:PIL.TiffImagePlugin:tag: DateTime (306) - type: string (2) Tag Location: 106 - Data Location: 240 - value: b'2025:05:30 13:08:07\x00'
DEBUG:PIL.TiffImagePlugin:tag: YCbCrPositioning (531) - type: short (3) - value: b'\x02\x00'
DEBUG:PIL.TiffImagePlugin:tag: ExifIFD (34665) - type: long (4) - value: b'b\x02\x00\x00'
DEBUG:PIL.TiffImagePlugin:tag: unknown (50341) - type: undefined (7) Tag Location: 142 - Data Location: 260 - value: <table: 350 bytes>
DEBUG:PIL.TiffImagePlugin:tag: Make (271) - type: string (2) Tag Location: 22 - Data Location: 146 - value: b'RICOH IMAGING COMPANY, LTD.\x00\x00\x00\x00\x00'
DEBUG:PIL.TiffImagePlugin:tag: Model (272) - type: string (2) Tag Location: 34 - Data Location: 178 - value: b'RICOH WG-70\x00\x00\x00\x00\x00\x00\x00\x00\x00\x00\x00\x00\x00'
DEBUG:PIL.TiffImagePlugin:tag: Orientation (274) - type: short (3) - value: b'\x01\x00'
DEBUG:PIL.TiffImagePlugin:tag: XResolution (282) - type: rational (5) Tag Location: 58 - Data Location: 202 - value: b'H\x00\x00\x00\x01\x00\x00\x00'
DEBUG:PIL.TiffImagePlugin:tag: YResolution (283) - type: rational (5) Tag Location: 70 - Data Location: 210 - value: b'H\x00\x00\x00\x01\x00\x00\x00'
DEBUG:PIL.TiffImagePlugin:tag: ResolutionUnit (296) - type: short (3) - value: b'\x02\x00'
DEBUG:PIL.TiffImagePlugin:tag: Software (305) - type: string (2) Tag Location: 94 - Data Location: 218 - value: b'RICOH WG-70 Ver. 1.00\x00'
DEBUG:PIL.TiffImagePlugin:tag: DateTime (306) - type: string (2) Tag Location: 106 - Data Location: 240 - value: b'2025:05:30 12:49:32\x00'
DEBUG:PIL.TiffImagePlugin:tag: YCbCrPositioning (531) - type: short (3) - value: b'\x02\x00'
DEBUG:PIL.TiffImagePlugin:tag: ExifIFD (34665) - type: long (4) - value: b'b\x02\x00\x00'
DEBUG:PIL.TiffImagePlugin:tag: unknown (50341) - type: undefined (7) Tag Location: 142 - Data Location: 260 - value: <table: 350 bytes>
DEBUG:PIL.TiffImagePlugin:tag: Make (271) - type: string (2) Tag Location: 22 - Data Location: 146 - value: b'RICOH IMAGING COMPANY, LTD.\x00\x00\x00\x00\x00'
DEBUG:PIL.TiffImagePlugin:tag: Model (272) - type: string (2) Tag Location: 34 - Data Location: 178 - value: b'RICOH WG-70\x00\x00\x00\x00\x00\x00\x00\x00\x00\x00\x00\x00\x00'
DEBUG:PIL.TiffImagePlugin:tag: Orientation (274) - type: short (3) - value: b'\x01\x00'
DEBUG:PIL.TiffImagePlugin:tag: XResolution (282) - type: rational (5) Tag Location: 58 - Data Location: 202 - value: b'H\x00\x00\x00\x01\x00\x00\x00'
DEBUG:PIL.TiffImagePlugin:tag: YResolution (283) - type: rational (5) Tag Location: 70 - Data Location: 210 - value: b'H\x00\x00\x00\x01\x00\x00\x00'
DEBUG:PIL.TiffImagePlugin:tag: ResolutionUnit (296) - type: short (3) - value: b'\x02\x00'
DEBUG:PIL.TiffImagePlugin:tag: Software (305) - type: string (2) Tag Location: 94 - Data Location: 218 - value: b'RICOH WG-70 Ver. 1.00\x00'
DEBUG:PIL.TiffImagePlugin:tag: DateTime (306) - type: string (2) Tag Location: 106 - Data Location: 240 - value: b'2025:05:30 12:49:28\x00'
DEBUG:PIL.TiffImagePlugin:tag: YCbCrPositioning (531) - type: short (3) - value: b'\x02\x00'
DEBUG:PIL.TiffImagePlugin:tag: ExifIFD (34665) - type: long (4) - value: b'b\x02\x00\x00'
DEBUG:PIL.TiffImagePlugin:tag: unknown (50341) - type: undefined (7) Tag Location: 142 - Data Location: 260 - value: <table: 350 bytes>
DEBUG:PIL.TiffImagePlugin:tag: Make (271) - type: string (2) Tag Location: 22 - Data Location: 146 - value: b'RICOH IMAGING COMPANY, LTD.\x00\x00\x00\x00\x00'
DEBUG:PIL.TiffImagePlugin:tag: Model (272) - type: string (2) Tag Location: 34 - Data Location: 178 - value: b'RICOH WG-70\x00\x00\x00\x00\x00\x00\x00\x00\x00\x00\x00\x00\x00'
DEBUG:PIL.TiffImagePlugin:tag: Orientation (274) - type: short (3) - value: b'\x01\x00'
DEBUG:PIL.TiffImagePlugin:tag: XResolution (282) - type: rational (5) Tag Location: 58 - Data Location: 202 - value: b'H\x00\x00\x00\x01\x00\x00\x00'
DEBUG:PIL.TiffImagePlugin:tag: YResolution (283) - type: rational (5) Tag Location: 70 - Data Location: 210 - value: b'H\x00\x00\x00\x01\x00\x00\x00'
DEBUG:PIL.TiffImagePlugin:tag: ResolutionUnit (296) - type: short (3) - value: b'\x02\x00'
DEBUG:PIL.TiffImagePlugin:tag: Software (305) - type: string (2) Tag Location: 94 - Data Location: 218 - value: b'RICOH WG-70 Ver. 1.00\x00'
DEBUG:PIL.TiffImagePlugin:tag: DateTime (306) - type: string (2) Tag Location: 106 - Data Location: 240 - value: b'2025:05:30 12:49:24\x00'
DEBUG:PIL.TiffImagePlugin:tag: YCbCrPositioning (531) - type: short (3) - value: b'\x02\x00'
DEBUG:PIL.TiffImagePlugin:tag: ExifIFD (34665) - type: long (4) - value: b'b\x02\x00\x00'
DEBUG:PIL.TiffImagePlugin:tag: unknown (50341) - type: undefined (7) Tag Location: 142 - Data Location: 260 - value: <table: 350 bytes>
DEBUG:PIL.TiffImagePlugin:tag: Make (271) - type: string (2) Tag Location: 22 - Data Location: 146 - value: b'RICOH IMAGING COMPANY, LTD.\x00\x00\x00\x00\x00'
DEBUG:PIL.TiffImagePlugin:tag: Model (272) - type: string (2) Tag Location: 34 - Data Location: 178 - value: b'RICOH WG-70\x00\x00\x00\x00\x00\x00\x00\x00\x00\x00\x00\x00\x00'
DEBUG:PIL.TiffImagePlugin:tag: Orientation (274) - type: short (3) - value: b'\x01\x00'
DEBUG:PIL.TiffImagePlugin:tag: XResolution (282) - type: rational (5) Tag Location: 58 - Data Location: 202 - value: b'H\x00\x00\x00\x01\x00\x00\x00'
DEBUG:PIL.TiffImagePlugin:tag: YResolution (283) - type: rational (5) Tag Location: 70 - Data Location: 210 - value: b'H\x00\x00\x00\x01\x00\x00\x00'
DEBUG:PIL.TiffImagePlugin:tag: ResolutionUnit (296) - type: short (3) - value: b'\x02\x00'
DEBUG:PIL.TiffImagePlugin:tag: Software (305) - type: string (2) Tag Location: 94 - Data Location: 218 - value: b'RICOH WG-70 Ver. 1.00\x00'
DEBUG:PIL.TiffImagePlugin:tag: DateTime (306) - type: string (2) Tag Location: 106 - Data Location: 240 - value: b'2025:05:30 12:13:54\x00'
DEBUG:PIL.TiffImagePlugin:tag: YCbCrPositioning (531) - type: short (3) - value: b'\x02\x00'
DEBUG:PIL.TiffImagePlugin:tag: ExifIFD (34665) - type: long (4) - value: b'b\x02\x00\x00'
DEBUG:PIL.TiffImagePlugin:tag: unknown (50341) - type: undefined (7) Tag Location: 142 - Data Location: 260 - value: <table: 350 bytes>
INFO:root:[通常マッチ] roles=['role_worker_sand_curing', 'role_worker_sand_curing'] → photo_category=[]
DEBUG:PIL.TiffImagePlugin:tag: Make (271) - type: string (2) Tag Location: 22 - Data Location: 146 - value: b'RICOH IMAGING COMPANY, LTD.\x00\x00\x00\x00\x00'
DEBUG:PIL.TiffImagePlugin:tag: Model (272) - type: string (2) Tag Location: 34 - Data Location: 178 - value: b'RICOH WG-70\x00\x00\x00\x00\x00\x00\x00\x00\x00\x00\x00\x00\x00'
DEBUG:PIL.TiffImagePlugin:tag: Orientation (274) - type: short (3) - value: b'\x01\x00'
DEBUG:PIL.TiffImagePlugin:tag: XResolution (282) - type: rational (5) Tag Location: 58 - Data Location: 202 - value: b'H\x00\x00\x00\x01\x00\x00\x00'
DEBUG:PIL.TiffImagePlugin:tag: YResolution (283) - type: rational (5) Tag Location: 70 - Data Location: 210 - value: b'H\x00\x00\x00\x01\x00\x00\x00'
DEBUG:PIL.TiffImagePlugin:tag: ResolutionUnit (296) - type: short (3) - value: b'\x02\x00'
DEBUG:PIL.TiffImagePlugin:tag: Software (305) - type: string (2) Tag Location: 94 - Data Location: 218 - value: b'RICOH WG-70 Ver. 1.00\x00'
DEBUG:PIL.TiffImagePlugin:tag: DateTime (306) - type: string (2) Tag Location: 106 - Data Location: 240 - value: b'2025:05:30 12:13:41\x00'
DEBUG:PIL.TiffImagePlugin:tag: YCbCrPositioning (531) - type: short (3) - value: b'\x02\x00'
DEBUG:PIL.TiffImagePlugin:tag: ExifIFD (34665) - type: long (4) - value: b'b\x02\x00\x00'
DEBUG:PIL.TiffImagePlugin:tag: unknown (50341) - type: undefined (7) Tag Location: 142 - Data Location: 260 - value: <table: 350 bytes>
INFO:root:[通常マッチ] roles=['role_worker_emulsion_spray', 'role_worker_emulsion_spray', 'role_worker_emulsion_spray'] → photo_category=[]
DEBUG:PIL.TiffImagePlugin:tag: Make (271) - type: string (2) Tag Location: 22 - Data Location: 146 - value: b'RICOH IMAGING COMPANY, LTD.\x00\x00\x00\x00\x00'
DEBUG:PIL.TiffImagePlugin:tag: Model (272) - type: string (2) Tag Location: 34 - Data Location: 178 - value: b'RICOH WG-70\x00\x00\x00\x00\x00\x00\x00\x00\x00\x00\x00\x00\x00'
DEBUG:PIL.TiffImagePlugin:tag: Orientation (274) - type: short (3) - value: b'\x01\x00'
DEBUG:PIL.TiffImagePlugin:tag: XResolution (282) - type: rational (5) Tag Location: 58 - Data Location: 202 - value: b'H\x00\x00\x00\x01\x00\x00\x00'
DEBUG:PIL.TiffImagePlugin:tag: YResolution (283) - type: rational (5) Tag Location: 70 - Data Location: 210 - value: b'H\x00\x00\x00\x01\x00\x00\x00'
DEBUG:PIL.TiffImagePlugin:tag: ResolutionUnit (296) - type: short (3) - value: b'\x02\x00'
DEBUG:PIL.TiffImagePlugin:tag: Software (305) - type: string (2) Tag Location: 94 - Data Location: 218 - value: b'RICOH WG-70 Ver. 1.00\x00'
DEBUG:PIL.TiffImagePlugin:tag: DateTime (306) - type: string (2) Tag Location: 106 - Data Location: 240 - value: b'2025:05:30 11:47:06\x00'
DEBUG:PIL.TiffImagePlugin:tag: YCbCrPositioning (531) - type: short (3) - value: b'\x02\x00'
DEBUG:PIL.TiffImagePlugin:tag: ExifIFD (34665) - type: long (4) - value: b'b\x02\x00\x00'
DEBUG:PIL.TiffImagePlugin:tag: unknown (50341) - type: undefined (7) Tag Location: 142 - Data Location: 260 - value: <table: 350 bytes>
INFO:root:[通常マッチ] roles=['caption_board_dekigata'] → photo_category=[]
DEBUG:PIL.TiffImagePlugin:tag: Make (271) - type: string (2) Tag Location: 22 - Data Location: 146 - value: b'RICOH IMAGING COMPANY, LTD.\x00\x00\x00\x00\x00'
DEBUG:PIL.TiffImagePlugin:tag: Model (272) - type: string (2) Tag Location: 34 - Data Location: 178 - value: b'RICOH WG-70\x00\x00\x00\x00\x00\x00\x00\x00\x00\x00\x00\x00\x00'
DEBUG:PIL.TiffImagePlugin:tag: Orientation (274) - type: short (3) - value: b'\x01\x00'
DEBUG:PIL.TiffImagePlugin:tag: XResolution (282) - type: rational (5) Tag Location: 58 - Data Location: 202 - value: b'H\x00\x00\x00\x01\x00\x00\x00'
DEBUG:PIL.TiffImagePlugin:tag: YResolution (283) - type: rational (5) Tag Location: 70 - Data Location: 210 - value: b'H\x00\x00\x00\x01\x00\x00\x00'
DEBUG:PIL.TiffImagePlugin:tag: ResolutionUnit (296) - type: short (3) - value: b'\x02\x00'
DEBUG:PIL.TiffImagePlugin:tag: Software (305) - type: string (2) Tag Location: 94 - Data Location: 218 - value: b'RICOH WG-70 Ver. 1.00\x00'
DEBUG:PIL.TiffImagePlugin:tag: DateTime (306) - type: string (2) Tag Location: 106 - Data Location: 240 - value: b'2025:05:30 11:46:44\x00'
DEBUG:PIL.TiffImagePlugin:tag: YCbCrPositioning (531) - type: short (3) - value: b'\x02\x00'
DEBUG:PIL.TiffImagePlugin:tag: ExifIFD (34665) - type: long (4) - value: b'b\x02\x00\x00'
DEBUG:PIL.TiffImagePlugin:tag: unknown (50341) - type: undefined (7) Tag Location: 142 - Data Location: 260 - value: <table: 350 bytes>
INFO:root:[通常マッチ] roles=['role_measurer_staff_setdown', 'role_measurer_staff_setdown', 'caption_board_dekigata', 'new_alminium_rod'] → photo_category=[]
DEBUG:PIL.TiffImagePlugin:tag: Make (271) - type: string (2) Tag Location: 22 - Data Location: 146 - value: b'RICOH IMAGING COMPANY, LTD.\x00\x00\x00\x00\x00'
DEBUG:PIL.TiffImagePlugin:tag: Model (272) - type: string (2) Tag Location: 34 - Data Location: 178 - value: b'RICOH WG-70\x00\x00\x00\x00\x00\x00\x00\x00\x00\x00\x00\x00\x00'
DEBUG:PIL.TiffImagePlugin:tag: Orientation (274) - type: short (3) - value: b'\x01\x00'
DEBUG:PIL.TiffImagePlugin:tag: XResolution (282) - type: rational (5) Tag Location: 58 - Data Location: 202 - value: b'H\x00\x00\x00\x01\x00\x00\x00'
DEBUG:PIL.TiffImagePlugin:tag: YResolution (283) - type: rational (5) Tag Location: 70 - Data Location: 210 - value: b'H\x00\x00\x00\x01\x00\x00\x00'
DEBUG:PIL.TiffImagePlugin:tag: ResolutionUnit (296) - type: short (3) - value: b'\x02\x00'
DEBUG:PIL.TiffImagePlugin:tag: Software (305) - type: string (2) Tag Location: 94 - Data Location: 218 - value: b'RICOH WG-70 Ver. 1.00\x00'
DEBUG:PIL.TiffImagePlugin:tag: DateTime (306) - type: string (2) Tag Location: 106 - Data Location: 240 - value: b'2025:05:30 11:46:37\x00'
DEBUG:PIL.TiffImagePlugin:tag: YCbCrPositioning (531) - type: short (3) - value: b'\x02\x00'
DEBUG:PIL.TiffImagePlugin:tag: ExifIFD (34665) - type: long (4) - value: b'b\x02\x00\x00'
DEBUG:PIL.TiffImagePlugin:tag: unknown (50341) - type: undefined (7) Tag Location: 142 - Data Location: 260 - value: <table: 350 bytes>
INFO:root:[通常マッチ] roles=['role_measurer_staff_setdown', 'role_measurer_staff_setdown', 'caption_board_dekigata', 'new_alminium_rod'] → photo_category=[]
DEBUG:PIL.TiffImagePlugin:tag: Make (271) - type: string (2) Tag Location: 22 - Data Location: 146 - value: b'RICOH IMAGING COMPANY, LTD.\x00\x00\x00\x00\x00'
DEBUG:PIL.TiffImagePlugin:tag: Model (272) - type: string (2) Tag Location: 34 - Data Location: 178 - value: b'RICOH WG-70\x00\x00\x00\x00\x00\x00\x00\x00\x00\x00\x00\x00\x00'
DEBUG:PIL.TiffImagePlugin:tag: Orientation (274) - type: short (3) - value: b'\x01\x00'
DEBUG:PIL.TiffImagePlugin:tag: XResolution (282) - type: rational (5) Tag Location: 58 - Data Location: 202 - value: b'H\x00\x00\x00\x01\x00\x00\x00'
DEBUG:PIL.TiffImagePlugin:tag: YResolution (283) - type: rational (5) Tag Location: 70 - Data Location: 210 - value: b'H\x00\x00\x00\x01\x00\x00\x00'
DEBUG:PIL.TiffImagePlugin:tag: ResolutionUnit (296) - type: short (3) - value: b'\x02\x00'
DEBUG:PIL.TiffImagePlugin:tag: Software (305) - type: string (2) Tag Location: 94 - Data Location: 218 - value: b'RICOH WG-70 Ver. 1.00\x00'
DEBUG:PIL.TiffImagePlugin:tag: DateTime (306) - type: string (2) Tag Location: 106 - Data Location: 240 - value: b'2025:05:30 11:46:32\x00'
DEBUG:PIL.TiffImagePlugin:tag: YCbCrPositioning (531) - type: short (3) - value: b'\x02\x00'
DEBUG:PIL.TiffImagePlugin:tag: ExifIFD (34665) - type: long (4) - value: b'b\x02\x00\x00'
DEBUG:PIL.TiffImagePlugin:tag: unknown (50341) - type: undefined (7) Tag Location: 142 - Data Location: 260 - value: <table: 350 bytes>
INFO:root:[通常マッチ] roles=['role_measurer_staff_setdown', 'role_measurer_staff_setdown', 'caption_board_dekigata', 'new_alminium_rod'] → photo_category=[]
DEBUG:PIL.TiffImagePlugin:tag: Make (271) - type: string (2) Tag Location: 22 - Data Location: 146 - value: b'RICOH IMAGING COMPANY, LTD.\x00\x00\x00\x00\x00'
DEBUG:PIL.TiffImagePlugin:tag: Model (272) - type: string (2) Tag Location: 34 - Data Location: 178 - value: b'RICOH WG-70\x00\x00\x00\x00\x00\x00\x00\x00\x00\x00\x00\x00\x00'
DEBUG:PIL.TiffImagePlugin:tag: Orientation (274) - type: short (3) - value: b'\x01\x00'
DEBUG:PIL.TiffImagePlugin:tag: XResolution (282) - type: rational (5) Tag Location: 58 - Data Location: 202 - value: b'H\x00\x00\x00\x01\x00\x00\x00'
DEBUG:PIL.TiffImagePlugin:tag: YResolution (283) - type: rational (5) Tag Location: 70 - Data Location: 210 - value: b'H\x00\x00\x00\x01\x00\x00\x00'
DEBUG:PIL.TiffImagePlugin:tag: ResolutionUnit (296) - type: short (3) - value: b'\x02\x00'
DEBUG:PIL.TiffImagePlugin:tag: Software (305) - type: string (2) Tag Location: 94 - Data Location: 218 - value: b'RICOH WG-70 Ver. 1.00\x00'
DEBUG:PIL.TiffImagePlugin:tag: DateTime (306) - type: string (2) Tag Location: 106 - Data Location: 240 - value: b'2025:05:30 11:46:25\x00'
DEBUG:PIL.TiffImagePlugin:tag: YCbCrPositioning (531) - type: short (3) - value: b'\x02\x00'
DEBUG:PIL.TiffImagePlugin:tag: ExifIFD (34665) - type: long (4) - value: b'b\x02\x00\x00'
DEBUG:PIL.TiffImagePlugin:tag: unknown (50341) - type: undefined (7) Tag Location: 142 - Data Location: 260 - value: <table: 350 bytes>
INFO:root:[通常マッチ] roles=['role_measurer_staff_setdown', 'role_measurer_staff_setdown', 'role_measurer_staff_setdown', 'role_measurer_staff_setdown', 'roller_conbined_2.5t', 'caption_board_dekigata'] → photo_category=[]
DEBUG:PIL.TiffImagePlugin:tag: Make (271) - type: string (2) Tag Location: 22 - Data Location: 146 - value: b'RICOH IMAGING COMPANY, LTD.\x00\x00\x00\x00\x00'
DEBUG:PIL.TiffImagePlugin:tag: Model (272) - type: string (2) Tag Location: 34 - Data Location: 178 - value: b'RICOH WG-70\x00\x00\x00\x00\x00\x00\x00\x00\x00\x00\x00\x00\x00'
DEBUG:PIL.TiffImagePlugin:tag: Orientation (274) - type: short (3) - value: b'\x01\x00'
DEBUG:PIL.TiffImagePlugin:tag: XResolution (282) - type: rational (5) Tag Location: 58 - Data Location: 202 - value: b'H\x00\x00\x00\x01\x00\x00\x00'
DEBUG:PIL.TiffImagePlugin:tag: YResolution (283) - type: rational (5) Tag Location: 70 - Data Location: 210 - value: b'H\x00\x00\x00\x01\x00\x00\x00'
DEBUG:PIL.TiffImagePlugin:tag: ResolutionUnit (296) - type: short (3) - value: b'\x02\x00'
DEBUG:PIL.TiffImagePlugin:tag: Software (305) - type: string (2) Tag Location: 94 - Data Location: 218 - value: b'RICOH WG-70 Ver. 1.00\x00'
DEBUG:PIL.TiffImagePlugin:tag: DateTime (306) - type: string (2) Tag Location: 106 - Data Location: 240 - value: b'2025:05:30 11:44:00\x00'
DEBUG:PIL.TiffImagePlugin:tag: YCbCrPositioning (531) - type: short (3) - value: b'\x02\x00'
DEBUG:PIL.TiffImagePlugin:tag: ExifIFD (34665) - type: long (4) - value: b'b\x02\x00\x00'
DEBUG:PIL.TiffImagePlugin:tag: unknown (50341) - type: undefined (7) Tag Location: 142 - Data Location: 260 - value: <table: 350 bytes>
INFO:root:[通常マッチ] roles=['role_measurer_staff_setdown', 'caption_board_dekigata'] → photo_category=[]
DEBUG:PIL.TiffImagePlugin:tag: Make (271) - type: string (2) Tag Location: 22 - Data Location: 146 - value: b'RICOH IMAGING COMPANY, LTD.\x00\x00\x00\x00\x00'
DEBUG:PIL.TiffImagePlugin:tag: Model (272) - type: string (2) Tag Location: 34 - Data Location: 178 - value: b'RICOH WG-70\x00\x00\x00\x00\x00\x00\x00\x00\x00\x00\x00\x00\x00'
DEBUG:PIL.TiffImagePlugin:tag: Orientation (274) - type: short (3) - value: b'\x01\x00'
DEBUG:PIL.TiffImagePlugin:tag: XResolution (282) - type: rational (5) Tag Location: 58 - Data Location: 202 - value: b'H\x00\x00\x00\x01\x00\x00\x00'
DEBUG:PIL.TiffImagePlugin:tag: YResolution (283) - type: rational (5) Tag Location: 70 - Data Location: 210 - value: b'H\x00\x00\x00\x01\x00\x00\x00'
DEBUG:PIL.TiffImagePlugin:tag: ResolutionUnit (296) - type: short (3) - value: b'\x02\x00'
DEBUG:PIL.TiffImagePlugin:tag: Software (305) - type: string (2) Tag Location: 94 - Data Location: 218 - value: b'RICOH WG-70 Ver. 1.00\x00'
DEBUG:PIL.TiffImagePlugin:tag: DateTime (306) - type: string (2) Tag Location: 106 - Data Location: 240 - value: b'2025:05:30 11:43:26\x00'
DEBUG:PIL.TiffImagePlugin:tag: YCbCrPositioning (531) - type: short (3) - value: b'\x02\x00'
DEBUG:PIL.TiffImagePlugin:tag: ExifIFD (34665) - type: long (4) - value: b'b\x02\x00\x00'
DEBUG:PIL.TiffImagePlugin:tag: unknown (50341) - type: undefined (7) Tag Location: 142 - Data Location: 260 - value: <table: 350 bytes>
INFO:root:[通常マッチ] roles=['role_measurer_staff_setdown', 'caption_board_dekigata', 'new_alminium_rod'] → photo_category=[]
DEBUG:PIL.TiffImagePlugin:tag: Make (271) - type: string (2) Tag Location: 22 - Data Location: 146 - value: b'RICOH IMAGING COMPANY, LTD.\x00\x00\x00\x00\x00'
DEBUG:PIL.TiffImagePlugin:tag: Model (272) - type: string (2) Tag Location: 34 - Data Location: 178 - value: b'RICOH WG-70\x00\x00\x00\x00\x00\x00\x00\x00\x00\x00\x00\x00\x00'
DEBUG:PIL.TiffImagePlugin:tag: Orientation (274) - type: short (3) - value: b'\x01\x00'
DEBUG:PIL.TiffImagePlugin:tag: XResolution (282) - type: rational (5) Tag Location: 58 - Data Location: 202 - value: b'H\x00\x00\x00\x01\x00\x00\x00'
DEBUG:PIL.TiffImagePlugin:tag: YResolution (283) - type: rational (5) Tag Location: 70 - Data Location: 210 - value: b'H\x00\x00\x00\x01\x00\x00\x00'
DEBUG:PIL.TiffImagePlugin:tag: ResolutionUnit (296) - type: short (3) - value: b'\x02\x00'
DEBUG:PIL.TiffImagePlugin:tag: Software (305) - type: string (2) Tag Location: 94 - Data Location: 218 - value: b'RICOH WG-70 Ver. 1.00\x00'
DEBUG:PIL.TiffImagePlugin:tag: DateTime (306) - type: string (2) Tag Location: 106 - Data Location: 240 - value: b'2025:05:30 11:43:19\x00'
DEBUG:PIL.TiffImagePlugin:tag: YCbCrPositioning (531) - type: short (3) - value: b'\x02\x00'
DEBUG:PIL.TiffImagePlugin:tag: ExifIFD (34665) - type: long (4) - value: b'b\x02\x00\x00'
DEBUG:PIL.TiffImagePlugin:tag: unknown (50341) - type: undefined (7) Tag Location: 142 - Data Location: 260 - value: <table: 350 bytes>
INFO:root:[通常マッチ] roles=['role_measurer_staff_setdown', 'caption_board_dekigata', 'new_alminium_rod'] → photo_category=[]
DEBUG:PIL.TiffImagePlugin:tag: Make (271) - type: string (2) Tag Location: 22 - Data Location: 146 - value: b'RICOH IMAGING COMPANY, LTD.\x00\x00\x00\x00\x00'
DEBUG:PIL.TiffImagePlugin:tag: Model (272) - type: string (2) Tag Location: 34 - Data Location: 178 - value: b'RICOH WG-70\x00\x00\x00\x00\x00\x00\x00\x00\x00\x00\x00\x00\x00'
DEBUG:PIL.TiffImagePlugin:tag: Orientation (274) - type: short (3) - value: b'\x01\x00'
DEBUG:PIL.TiffImagePlugin:tag: XResolution (282) - type: rational (5) Tag Location: 58 - Data Location: 202 - value: b'H\x00\x00\x00\x01\x00\x00\x00'
DEBUG:PIL.TiffImagePlugin:tag: YResolution (283) - type: rational (5) Tag Location: 70 - Data Location: 210 - value: b'H\x00\x00\x00\x01\x00\x00\x00'
DEBUG:PIL.TiffImagePlugin:tag: ResolutionUnit (296) - type: short (3) - value: b'\x02\x00'
DEBUG:PIL.TiffImagePlugin:tag: Software (305) - type: string (2) Tag Location: 94 - Data Location: 218 - value: b'RICOH WG-70 Ver. 1.00\x00'
DEBUG:PIL.TiffImagePlugin:tag: DateTime (306) - type: string (2) Tag Location: 106 - Data Location: 240 - value: b'2025:05:30 11:43:11\x00'
DEBUG:PIL.TiffImagePlugin:tag: YCbCrPositioning (531) - type: short (3) - value: b'\x02\x00'
DEBUG:PIL.TiffImagePlugin:tag: ExifIFD (34665) - type: long (4) - value: b'b\x02\x00\x00'
DEBUG:PIL.TiffImagePlugin:tag: unknown (50341) - type: undefined (7) Tag Location: 142 - Data Location: 260 - value: <table: 350 bytes>
INFO:root:[通常マッチ] roles=['role_measurer_staff_setdown', 'caption_board_dekigata', 'new_alminium_rod'] → photo_category=[]
DEBUG:PIL.TiffImagePlugin:tag: Make (271) - type: string (2) Tag Location: 22 - Data Location: 146 - value: b'RICOH IMAGING COMPANY, LTD.\x00\x00\x00\x00\x00'
DEBUG:PIL.TiffImagePlugin:tag: Model (272) - type: string (2) Tag Location: 34 - Data Location: 178 - value: b'RICOH WG-70\x00\x00\x00\x00\x00\x00\x00\x00\x00\x00\x00\x00\x00'
DEBUG:PIL.TiffImagePlugin:tag: Orientation (274) - type: short (3) - value: b'\x01\x00'
DEBUG:PIL.TiffImagePlugin:tag: XResolution (282) - type: rational (5) Tag Location: 58 - Data Location: 202 - value: b'H\x00\x00\x00\x01\x00\x00\x00'
DEBUG:PIL.TiffImagePlugin:tag: YResolution (283) - type: rational (5) Tag Location: 70 - Data Location: 210 - value: b'H\x00\x00\x00\x01\x00\x00\x00'
DEBUG:PIL.TiffImagePlugin:tag: ResolutionUnit (296) - type: short (3) - value: b'\x02\x00'
DEBUG:PIL.TiffImagePlugin:tag: Software (305) - type: string (2) Tag Location: 94 - Data Location: 218 - value: b'RICOH WG-70 Ver. 1.00\x00'
DEBUG:PIL.TiffImagePlugin:tag: DateTime (306) - type: string (2) Tag Location: 106 - Data Location: 240 - value: b'2025:05:30 11:43:04\x00'
DEBUG:PIL.TiffImagePlugin:tag: YCbCrPositioning (531) - type: short (3) - value: b'\x02\x00'
DEBUG:PIL.TiffImagePlugin:tag: ExifIFD (34665) - type: long (4) - value: b'b\x02\x00\x00'
DEBUG:PIL.TiffImagePlugin:tag: unknown (50341) - type: undefined (7) Tag Location: 142 - Data Location: 260 - value: <table: 350 bytes>
INFO:root:[通常マッチ] roles=['role_measurer_staff_setdown', 'role_measurer_staff_setdown', 'caption_board_dekigata', 'role_measurer_staff_setdown'] → photo_category=[]
DEBUG:PIL.TiffImagePlugin:tag: Make (271) - type: string (2) Tag Location: 22 - Data Location: 146 - value: b'RICOH IMAGING COMPANY, LTD.\x00\x00\x00\x00\x00'
DEBUG:PIL.TiffImagePlugin:tag: Model (272) - type: string (2) Tag Location: 34 - Data Location: 178 - value: b'RICOH WG-70\x00\x00\x00\x00\x00\x00\x00\x00\x00\x00\x00\x00\x00'
DEBUG:PIL.TiffImagePlugin:tag: Orientation (274) - type: short (3) - value: b'\x01\x00'
DEBUG:PIL.TiffImagePlugin:tag: XResolution (282) - type: rational (5) Tag Location: 58 - Data Location: 202 - value: b'H\x00\x00\x00\x01\x00\x00\x00'
DEBUG:PIL.TiffImagePlugin:tag: YResolution (283) - type: rational (5) Tag Location: 70 - Data Location: 210 - value: b'H\x00\x00\x00\x01\x00\x00\x00'
DEBUG:PIL.TiffImagePlugin:tag: ResolutionUnit (296) - type: short (3) - value: b'\x02\x00'
DEBUG:PIL.TiffImagePlugin:tag: Software (305) - type: string (2) Tag Location: 94 - Data Location: 218 - value: b'RICOH WG-70 Ver. 1.00\x00'
DEBUG:PIL.TiffImagePlugin:tag: DateTime (306) - type: string (2) Tag Location: 106 - Data Location: 240 - value: b'2025:05:30 11:39:51\x00'
DEBUG:PIL.TiffImagePlugin:tag: YCbCrPositioning (531) - type: short (3) - value: b'\x02\x00'
DEBUG:PIL.TiffImagePlugin:tag: ExifIFD (34665) - type: long (4) - value: b'b\x02\x00\x00'
DEBUG:PIL.TiffImagePlugin:tag: unknown (50341) - type: undefined (7) Tag Location: 142 - Data Location: 260 - value: <table: 350 bytes>
INFO:root:[通常マッチ] roles=['role_worker_emulsion_edge'] → photo_category=[]
DEBUG:PIL.TiffImagePlugin:tag: Make (271) - type: string (2) Tag Location: 22 - Data Location: 146 - value: b'RICOH IMAGING COMPANY, LTD.\x00\x00\x00\x00\x00'
DEBUG:PIL.TiffImagePlugin:tag: Model (272) - type: string (2) Tag Location: 34 - Data Location: 178 - value: b'RICOH WG-70\x00\x00\x00\x00\x00\x00\x00\x00\x00\x00\x00\x00\x00'
DEBUG:PIL.TiffImagePlugin:tag: Orientation (274) - type: short (3) - value: b'\x01\x00'
DEBUG:PIL.TiffImagePlugin:tag: XResolution (282) - type: rational (5) Tag Location: 58 - Data Location: 202 - value: b'H\x00\x00\x00\x01\x00\x00\x00'
DEBUG:PIL.TiffImagePlugin:tag: YResolution (283) - type: rational (5) Tag Location: 70 - Data Location: 210 - value: b'H\x00\x00\x00\x01\x00\x00\x00'
DEBUG:PIL.TiffImagePlugin:tag: ResolutionUnit (296) - type: short (3) - value: b'\x02\x00'
DEBUG:PIL.TiffImagePlugin:tag: Software (305) - type: string (2) Tag Location: 94 - Data Location: 218 - value: b'RICOH WG-70 Ver. 1.00\x00'
DEBUG:PIL.TiffImagePlugin:tag: DateTime (306) - type: string (2) Tag Location: 106 - Data Location: 240 - value: b'2025:05:30 11:20:36\x00'
DEBUG:PIL.TiffImagePlugin:tag: YCbCrPositioning (531) - type: short (3) - value: b'\x02\x00'
DEBUG:PIL.TiffImagePlugin:tag: ExifIFD (34665) - type: long (4) - value: b'b\x02\x00\x00'
DEBUG:PIL.TiffImagePlugin:tag: unknown (50341) - type: undefined (7) Tag Location: 142 - Data Location: 260 - value: <table: 350 bytes>
INFO:root:[通常マッチ] roles=['new_al_rod_pavement_thickness'] → photo_category=[]
DEBUG:PIL.TiffImagePlugin:tag: Make (271) - type: string (2) Tag Location: 22 - Data Location: 146 - value: b'RICOH IMAGING COMPANY, LTD.\x00\x00\x00\x00\x00'
DEBUG:PIL.TiffImagePlugin:tag: Model (272) - type: string (2) Tag Location: 34 - Data Location: 178 - value: b'RICOH WG-70\x00\x00\x00\x00\x00\x00\x00\x00\x00\x00\x00\x00\x00'
DEBUG:PIL.TiffImagePlugin:tag: Orientation (274) - type: short (3) - value: b'\x01\x00'
DEBUG:PIL.TiffImagePlugin:tag: XResolution (282) - type: rational (5) Tag Location: 58 - Data Location: 202 - value: b'H\x00\x00\x00\x01\x00\x00\x00'
DEBUG:PIL.TiffImagePlugin:tag: YResolution (283) - type: rational (5) Tag Location: 70 - Data Location: 210 - value: b'H\x00\x00\x00\x01\x00\x00\x00'
DEBUG:PIL.TiffImagePlugin:tag: ResolutionUnit (296) - type: short (3) - value: b'\x02\x00'
DEBUG:PIL.TiffImagePlugin:tag: Software (305) - type: string (2) Tag Location: 94 - Data Location: 218 - value: b'RICOH WG-70 Ver. 1.00\x00'
DEBUG:PIL.TiffImagePlugin:tag: DateTime (306) - type: string (2) Tag Location: 106 - Data Location: 240 - value: b'2025:05:30 11:20:18\x00'
DEBUG:PIL.TiffImagePlugin:tag: YCbCrPositioning (531) - type: short (3) - value: b'\x02\x00'
DEBUG:PIL.TiffImagePlugin:tag: ExifIFD (34665) - type: long (4) - value: b'b\x02\x00\x00'
DEBUG:PIL.TiffImagePlugin:tag: unknown (50341) - type: undefined (7) Tag Location: 142 - Data Location: 260 - value: <table: 350 bytes>
INFO:root:[通常マッチ] roles=['role_measurer_staff_asphalt_break_thickness'] → photo_category=[]
DEBUG:PIL.TiffImagePlugin:tag: Make (271) - type: string (2) Tag Location: 22 - Data Location: 146 - value: b'RICOH IMAGING COMPANY, LTD.\x00\x00\x00\x00\x00'
DEBUG:PIL.TiffImagePlugin:tag: Model (272) - type: string (2) Tag Location: 34 - Data Location: 178 - value: b'RICOH WG-70\x00\x00\x00\x00\x00\x00\x00\x00\x00\x00\x00\x00\x00'
DEBUG:PIL.TiffImagePlugin:tag: Orientation (274) - type: short (3) - value: b'\x01\x00'
DEBUG:PIL.TiffImagePlugin:tag: XResolution (282) - type: rational (5) Tag Location: 58 - Data Location: 202 - value: b'H\x00\x00\x00\x01\x00\x00\x00'
DEBUG:PIL.TiffImagePlugin:tag: YResolution (283) - type: rational (5) Tag Location: 70 - Data Location: 210 - value: b'H\x00\x00\x00\x01\x00\x00\x00'
DEBUG:PIL.TiffImagePlugin:tag: ResolutionUnit (296) - type: short (3) - value: b'\x02\x00'
DEBUG:PIL.TiffImagePlugin:tag: Software (305) - type: string (2) Tag Location: 94 - Data Location: 218 - value: b'RICOH WG-70 Ver. 1.00\x00'
DEBUG:PIL.TiffImagePlugin:tag: DateTime (306) - type: string (2) Tag Location: 106 - Data Location: 240 - value: b'2025:05:30 11:17:16\x00'
DEBUG:PIL.TiffImagePlugin:tag: YCbCrPositioning (531) - type: short (3) - value: b'\x02\x00'
DEBUG:PIL.TiffImagePlugin:tag: ExifIFD (34665) - type: long (4) - value: b'b\x02\x00\x00'
DEBUG:PIL.TiffImagePlugin:tag: unknown (50341) - type: undefined (7) Tag Location: 142 - Data Location: 260 - value: <table: 350 bytes>
INFO:root:[通常マッチ] roles=['role_driver_combined_roller', 'roller_conbined_2.5t', 'surface_crushed_stone'] → photo_category=[]
DEBUG:PIL.TiffImagePlugin:tag: Make (271) - type: string (2) Tag Location: 22 - Data Location: 146 - value: b'RICOH IMAGING COMPANY, LTD.\x00\x00\x00\x00\x00'
DEBUG:PIL.TiffImagePlugin:tag: Model (272) - type: string (2) Tag Location: 34 - Data Location: 178 - value: b'RICOH WG-70\x00\x00\x00\x00\x00\x00\x00\x00\x00\x00\x00\x00\x00'
DEBUG:PIL.TiffImagePlugin:tag: Orientation (274) - type: short (3) - value: b'\x01\x00'
DEBUG:PIL.TiffImagePlugin:tag: XResolution (282) - type: rational (5) Tag Location: 58 - Data Location: 202 - value: b'H\x00\x00\x00\x01\x00\x00\x00'
DEBUG:PIL.TiffImagePlugin:tag: YResolution (283) - type: rational (5) Tag Location: 70 - Data Location: 210 - value: b'H\x00\x00\x00\x01\x00\x00\x00'
DEBUG:PIL.TiffImagePlugin:tag: ResolutionUnit (296) - type: short (3) - value: b'\x02\x00'
DEBUG:PIL.TiffImagePlugin:tag: Software (305) - type: string (2) Tag Location: 94 - Data Location: 218 - value: b'RICOH WG-70 Ver. 1.00\x00'
DEBUG:PIL.TiffImagePlugin:tag: DateTime (306) - type: string (2) Tag Location: 106 - Data Location: 240 - value: b'2025:05:30 11:03:36\x00'
DEBUG:PIL.TiffImagePlugin:tag: YCbCrPositioning (531) - type: short (3) - value: b'\x02\x00'
DEBUG:PIL.TiffImagePlugin:tag: ExifIFD (34665) - type: long (4) - value: b'b\x02\x00\x00'
DEBUG:PIL.TiffImagePlugin:tag: unknown (50341) - type: undefined (7) Tag Location: 142 - Data Location: 260 - value: <table: 350 bytes>
INFO:root:[通常マッチ] roles=['role_driver_backhoe_level', 'surface_crushed_stone', 'backhoe_mini'] → photo_category=[]
DEBUG:PIL.TiffImagePlugin:tag: Make (271) - type: string (2) Tag Location: 22 - Data Location: 146 - value: b'RICOH IMAGING COMPANY, LTD.\x00\x00\x00\x00\x00'
DEBUG:PIL.TiffImagePlugin:tag: Model (272) - type: string (2) Tag Location: 34 - Data Location: 178 - value: b'RICOH WG-70\x00\x00\x00\x00\x00\x00\x00\x00\x00\x00\x00\x00\x00'
DEBUG:PIL.TiffImagePlugin:tag: Orientation (274) - type: short (3) - value: b'\x01\x00'
DEBUG:PIL.TiffImagePlugin:tag: XResolution (282) - type: rational (5) Tag Location: 58 - Data Location: 202 - value: b'H\x00\x00\x00\x01\x00\x00\x00'
DEBUG:PIL.TiffImagePlugin:tag: YResolution (283) - type: rational (5) Tag Location: 70 - Data Location: 210 - value: b'H\x00\x00\x00\x01\x00\x00\x00'
DEBUG:PIL.TiffImagePlugin:tag: ResolutionUnit (296) - type: short (3) - value: b'\x02\x00'
DEBUG:PIL.TiffImagePlugin:tag: Software (305) - type: string (2) Tag Location: 94 - Data Location: 218 - value: b'RICOH WG-70 Ver. 1.00\x00'
DEBUG:PIL.TiffImagePlugin:tag: DateTime (306) - type: string (2) Tag Location: 106 - Data Location: 240 - value: b'2025:05:30 10:30:33\x00'
DEBUG:PIL.TiffImagePlugin:tag: YCbCrPositioning (531) - type: short (3) - value: b'\x02\x00'
DEBUG:PIL.TiffImagePlugin:tag: ExifIFD (34665) - type: long (4) - value: b'b\x02\x00\x00'
DEBUG:PIL.TiffImagePlugin:tag: unknown (50341) - type: undefined (7) Tag Location: 142 - Data Location: 260 - value: <table: 350 bytes>
INFO:root:[通常マッチ] roles=['role_worker_unload_soil', 'truck_4t_loading_soil'] → photo_category=[]
DEBUG:PIL.TiffImagePlugin:tag: Make (271) - type: string (2) Tag Location: 22 - Data Location: 146 - value: b'RICOH IMAGING COMPANY, LTD.\x00\x00\x00\x00\x00'
DEBUG:PIL.TiffImagePlugin:tag: Model (272) - type: string (2) Tag Location: 34 - Data Location: 178 - value: b'RICOH WG-70\x00\x00\x00\x00\x00\x00\x00\x00\x00\x00\x00\x00\x00'
DEBUG:PIL.TiffImagePlugin:tag: Orientation (274) - type: short (3) - value: b'\x01\x00'
DEBUG:PIL.TiffImagePlugin:tag: XResolution (282) - type: rational (5) Tag Location: 58 - Data Location: 202 - value: b'H\x00\x00\x00\x01\x00\x00\x00'
DEBUG:PIL.TiffImagePlugin:tag: YResolution (283) - type: rational (5) Tag Location: 70 - Data Location: 210 - value: b'H\x00\x00\x00\x01\x00\x00\x00'
DEBUG:PIL.TiffImagePlugin:tag: ResolutionUnit (296) - type: short (3) - value: b'\x02\x00'
DEBUG:PIL.TiffImagePlugin:tag: Software (305) - type: string (2) Tag Location: 94 - Data Location: 218 - value: b'RICOH WG-70 Ver. 1.00\x00'
DEBUG:PIL.TiffImagePlugin:tag: DateTime (306) - type: string (2) Tag Location: 106 - Data Location: 240 - value: b'2025:05:30 10:13:30\x00'
DEBUG:PIL.TiffImagePlugin:tag: YCbCrPositioning (531) - type: short (3) - value: b'\x02\x00'
DEBUG:PIL.TiffImagePlugin:tag: ExifIFD (34665) - type: long (4) - value: b'b\x02\x00\x00'
DEBUG:PIL.TiffImagePlugin:tag: unknown (50341) - type: undefined (7) Tag Location: 142 - Data Location: 260 - value: <table: 350 bytes>
INFO:root:[通常マッチ] roles=['truck_4t_loading_crushed_asphalt', 'backhoe_mini'] → photo_category=[]
DEBUG:PIL.TiffImagePlugin:tag: Make (271) - type: string (2) Tag Location: 22 - Data Location: 146 - value: b'RICOH IMAGING COMPANY, LTD.\x00\x00\x00\x00\x00'
DEBUG:PIL.TiffImagePlugin:tag: Model (272) - type: string (2) Tag Location: 34 - Data Location: 178 - value: b'RICOH WG-70\x00\x00\x00\x00\x00\x00\x00\x00\x00\x00\x00\x00\x00'
DEBUG:PIL.TiffImagePlugin:tag: Orientation (274) - type: short (3) - value: b'\x01\x00'
DEBUG:PIL.TiffImagePlugin:tag: XResolution (282) - type: rational (5) Tag Location: 58 - Data Location: 202 - value: b'H\x00\x00\x00\x01\x00\x00\x00'
DEBUG:PIL.TiffImagePlugin:tag: YResolution (283) - type: rational (5) Tag Location: 70 - Data Location: 210 - value: b'H\x00\x00\x00\x01\x00\x00\x00'
DEBUG:PIL.TiffImagePlugin:tag: ResolutionUnit (296) - type: short (3) - value: b'\x02\x00'
DEBUG:PIL.TiffImagePlugin:tag: Software (305) - type: string (2) Tag Location: 94 - Data Location: 218 - value: b'RICOH WG-70 Ver. 1.00\x00'
DEBUG:PIL.TiffImagePlugin:tag: DateTime (306) - type: string (2) Tag Location: 106 - Data Location: 240 - value: b'2025:05:30 10:13:17\x00'
DEBUG:PIL.TiffImagePlugin:tag: YCbCrPositioning (531) - type: short (3) - value: b'\x02\x00'
DEBUG:PIL.TiffImagePlugin:tag: ExifIFD (34665) - type: long (4) - value: b'b\x02\x00\x00'
DEBUG:PIL.TiffImagePlugin:tag: unknown (50341) - type: undefined (7) Tag Location: 142 - Data Location: 260 - value: <table: 350 bytes>
INFO:root:[通常マッチ] roles=['role_driver_backhoe_break'] → photo_category=[]
