A_CHAINRECORD_REGISTER_LIST [
{"photo_category": "施工状況写真", "work_category": null, "type": "アスファルト舗装補修工", "subtype": "舗装版切断", "remarks": "As舗装版切断状況"},
{"photo_category": "施工状況写真", "work_category": null, "type": "アスファルト舗装補修工", "subtype": "舗装版破砕", "remarks": "剥取状況"},
{"photo_category": "施工状況写真", "work_category": null, "type": "アスファルト舗装補修工", "subtype": "舗装版破砕", "remarks": "積込状況"},
{"photo_category": "施工状況写真", "work_category": null, "type": "アスファルト舗装補修工", "subtype": "舗装版破砕", "remarks": "既設舗装厚さ"},
{"photo_category": "施工状況写真", "work_category": null, "type": "アスファルト舗装補修工", "subtype": "上層路盤工", "remarks": "補足材搬入 RM-40"},
{"photo_category": "施工状況写真", "work_category": null, "type": "アスファルト舗装補修工", "subtype": "上層路盤工", "remarks": "不陸整正状況"},
{"photo_category": "施工状況写真", "work_category": null, "type": "アスファルト舗装補修工", "subtype": "上層路盤工", "remarks": "転圧状況"},
{"photo_category": "施工状況写真", "work_category": null, "type": "アスファルト舗装補修工", "subtype": "上層路盤工", "remarks": "路盤完了"},
{"photo_category": "出来形管理写真", "work_category": null, "type": "アスファルト舗装補修工", "subtype": "上層路盤工", "remarks": "不陸整正出来形・全景"},
{"photo_category": "出来形管理写真", "work_category": null, "type": "アスファルト舗装補修工", "subtype": "上層路盤工", "remarks": "不陸整正出来形・管理値"},
{"photo_category": "出来形管理写真", "work_category": null, "type": "アスファルト舗装補修工", "subtype": "上層路盤工", "remarks": "不陸整正出来形・接写"},
{"photo_category": "出来形管理写真", "work_category": null, "type": "アスファルト舗装補修工", "subtype": "上層路盤工", "remarks": "不陸整正出来形・接写"},
{"photo_category": "出来形管理写真", "work_category": null, "type": "アスファルト舗装補修工", "subtype": "上層路盤工", "remarks": "不陸整正出来形・接写"},
{"photo_category": "出来形管理写真", "work_category": null, "type": "アスファルト舗装補修工", "subtype": "上層路盤工", "remarks": "砕石厚測定"},
{"photo_category": "施工状況写真", "work_category": null, "type": "アスファルト舗装補修工", "subtype": "表層工", "remarks": "プライムコート乳剤散布状況"},
{"photo_category": "施工状況写真", "work_category": null, "type": "アスファルト舗装補修工", "subtype": "表層工", "remarks": "プライムコート養生砂散布状況"},
{"photo_category": "施工状況写真", "work_category": null, "type": "アスファルト舗装補修工", "subtype": "表層工", "remarks": "プライムコート養生砂清掃状況"},
{"photo_category": "施工状況写真", "work_category": null, "type": "アスファルト舗装補修工", "subtype": "表層工", "remarks": "端部乳剤塗布状況"},
{"photo_category": "施工状況写真", "work_category": null, "type": "アスファルト舗装補修工", "subtype": "表層工", "remarks": "舗設状況"},
{"photo_category": "施工状況写真", "work_category": null, "type": "アスファルト舗装補修工", "subtype": "表層工", "remarks": "初期転圧状況"},
{"photo_category": "施工状況写真", "work_category": null, "type": "アスファルト舗装補修工", "subtype": "表層工", "remarks": "2次転圧状況"},
{"photo_category": "品質管理写真", "work_category": null, "type": "アスファルト舗装補修工", "subtype": "表層工", "remarks": "As混合物温度管理到着温度測定"},
{"photo_category": "品質管理写真", "work_category": null, "type": "アスファルト舗装補修工", "subtype": "表層工", "remarks": "As混合物温度管理敷均し温度測定"},
{"photo_category": "品質管理写真", "work_category": null, "type": "アスファルト舗装補修工", "subtype": "表層工", "remarks": "As混合物温度管理初期締固前温度"},
{"photo_category": "品質管理写真", "work_category": null, "type": "アスファルト舗装補修工", "subtype": "表層工", "remarks": "As混合物温度管理開放温度測定"},
{"photo_category": "安全管理写真", "work_category": null, "type": "アスファルト舗装補修工", "subtype": "", "remarks": "朝礼・安全ミーティング実施状況"},
{"photo_category": "安全管理写真", "work_category": null, "type": "アスファルト舗装補修工", "subtype": "", "remarks": "規制配置・誘導員配置状況"},
{"photo_category": "安全管理写真", "work_category": null, "type": "", "subtype": "", "remarks": "安全訓練実施状況"},
{"photo_category": "施工状況写真", "work_category": null, "type": "アスファルト舗装補修工", "subtype": "舗装版切断", "remarks": "As舗装版切断状況"},
{"photo_category": "施工状況写真", "work_category": null, "type": "アスファルト舗装補修工", "subtype": "舗装版破砕", "remarks": "剥取状況"},
{"photo_category": "施工状況写真", "work_category": null, "type": "アスファルト舗装補修工", "subtype": "舗装版破砕", "remarks": "積込状況"},
{"photo_category": "施工状況写真", "work_category": null, "type": "アスファルト舗装補修工", "subtype": "舗装版破砕", "remarks": "既設舗装厚さ"},
{"photo_category": "施工状況写真", "work_category": null, "type": "アスファルト舗装補修工", "subtype": "上層路盤工", "remarks": "補足材搬入 RM-40"},
{"photo_category": "施工状況写真", "work_category": null, "type": "アスファルト舗装補修工", "subtype": "上層路盤工", "remarks": "不陸整正状況"},
{"photo_category": "施工状況写真", "work_category": null, "type": "アスファルト舗装補修工", "subtype": "上層路盤工", "remarks": "転圧状況"},
{"photo_category": "施工状況写真", "work_category": null, "type": "アスファルト舗装補修工", "subtype": "上層路盤工", "remarks": "路盤完了"},
{"photo_category": "出来形管理写真", "work_category": null, "type": "アスファルト舗装補修工", "subtype": "上層路盤工", "remarks": "不陸整正出来形・全景"},
{"photo_category": "出来形管理写真", "work_category": null, "type": "アスファルト舗装補修工", "subtype": "上層路盤工", "remarks": "不陸整正出来形・管理値"},
{"photo_category": "出来形管理写真", "work_category": null, "type": "アスファルト舗装補修工", "subtype": "上層路盤工", "remarks": "不陸整正出来形・接写"},
{"photo_category": "出来形管理写真", "work_category": null, "type": "アスファルト舗装補修工", "subtype": "上層路盤工", "remarks": "不陸整正出来形・接写"},
{"photo_category": "出来形管理写真", "work_category": null, "type": "アスファルト舗装補修工", "subtype": "上層路盤工", "remarks": "不陸整正出来形・接写"},
{"photo_category": "出来形管理写真", "work_category": null, "type": "アスファルト舗装補修工", "subtype": "上層路盤工", "remarks": "砕石厚測定"},
{"photo_category": "施工状況写真", "work_category": null, "type": "アスファルト舗装補修工", "subtype": "表層工", "remarks": "プライムコート乳剤散布状況"},
{"photo_category": "施工状況写真", "work_category": null, "type": "アスファルト舗装補修工", "subtype": "表層工", "remarks": "プライムコート養生砂散布状況"},
{"photo_category": "施工状況写真", "work_category": null, "type": "アスファルト舗装補修工", "subtype": "表層工", "remarks": "プライムコート養生砂清掃状況"},
{"photo_category": "施工状況写真", "work_category": null, "type": "アスファルト舗装補修工", "subtype": "表層工", "remarks": "端部乳剤塗布状況"},
{"photo_category": "施工状況写真", "work_category": null, "type": "アスファルト舗装補修工", "subtype": "表層工", "remarks": "舗設状況"},
{"photo_category": "施工状況写真", "work_category": null, "type": "アスファルト舗装補修工", "subtype": "表層工", "remarks": "初期転圧状況"},
{"photo_category": "施工状況写真", "work_category": null, "type": "アスファルト舗装補修工", "subtype": "表層工", "remarks": "2次転圧状況"},
{"photo_category": "品質管理写真", "work_category": null, "type": "アスファルト舗装補修工", "subtype": "表層工", "remarks": "As混合物温度管理到着温度測定"},
{"photo_category": "品質管理写真", "work_category": null, "type": "アスファルト舗装補修工", "subtype": "表層工", "remarks": "As混合物温度管理敷均し温度測定"},
{"photo_category": "品質管理写真", "work_category": null, "type": "アスファルト舗装補修工", "subtype": "表層工", "remarks": "As混合物温度管理初期締固前温度"},
{"photo_category": "品質管理写真", "work_category": null, "type": "アスファルト舗装補修工", "subtype": "表層工", "remarks": "As混合物温度管理開放温度測定"},
{"photo_category": "安全管理写真", "work_category": null, "type": "アスファルト舗装補修工", "subtype": "", "remarks": "朝礼・安全ミーティング実施状況"},
{"photo_category": "安全管理写真", "work_category": null, "type": "アスファルト舗装補修工", "subtype": "", "remarks": "規制配置・誘導員配置状況"},
{"photo_category": "安全管理写真", "work_category": null, "type": "", "subtype": "", "remarks": "安全訓練実施状況"},
]
A_ROLEMAPPING_REGISTER_LIST [
{"role_name": "As舗装版切断状況", "mapping": {"roles": ["role_worker_pavementcutting"], "match": "any"}},
{"role_name": "剥取状況", "mapping": {"roles": ["role_driver_backhoe_break"], "match": "all"}},
{"role_name": "積込状況", "mapping": {"roles": ["role_driver_backhoe_pavement_load", "truck_4t_loading_crushed_asphalt"], "match": "any"}},
{"role_name": "既設舗装厚さ", "mapping": {"roles": ["role_measurer_staff_asphalt_break_thickness", "caption_board", "new_al_rod_pavement_thickness"], "match": "any"}},
{"role_name": "補足材搬入 RM-40", "mapping": {"roles": ["role_worker_unload_soil", "truck_4t_loading_soil"], "match": "any"}},
{"role_name": "不陸整正状況", "mapping": {"roles": ["role_driver_backhoe_level", "backhoe_mini", "role_worker_roadbed"], "match": "any"}},
{"role_name": "転圧状況", "mapping": {"roles": ["roller_conbined_2.5t", "role_driver_combined_roller", "surface_crushed_stone"], "match": "all"}},
{"role_name": "不陸整正出来形・全景", "mapping": {"roles": ["role_measurer_staff_setdown", "caption_board", "caption_board_dekigata"], "match": "any"}},
{"role_name": "不陸整正出来形・管理値", "mapping": {"roles": ["caption_board", "caption_board_dekigata"], "match": "any"}},
{"role_name": "不陸整正出来形・接写", "mapping": {"roles": ["role_measurer_staff_setdown", "caption_board", "new_alminium_rod", "caption_board_dekigata"], "match": "any"}},
{"role_name": "砕石厚測定", "mapping": {"roles": ["role_measurer_staff_soil_thickness", "caption_board", "new_alminium_rod", "new_al_rod_soil_thickness"], "match": "any"}},
{"role_name": "プライムコート乳剤散布状況", "mapping": {"roles": ["role_worker_emulsion_spray"], "match": "all"}},
{"role_name": "端部乳剤塗布状況", "mapping": {"roles": ["role_worker_emulsion_edge"], "match": "all"}},
{"role_name": "舗設状況", "mapping": {"roles": ["role_worker_surface_level"], "match": "all"}},
]
